{"/Users/tolli/Documents/program/miniprosjekt/server/dao/articledao.js": {"path":"/Users/tolli/Documents/program/miniprosjekt/server/dao/articledao.js","statementMap":{"0":{"start":{"line":3,"column":12},"end":{"line":3,"column":31}},"1":{"start":{"line":4,"column":0},"end":{"line":57,"column":2}},"2":{"start":{"line":6,"column":4},"end":{"line":10,"column":6}},"3":{"start":{"line":14,"column":4},"end":{"line":18,"column":6}},"4":{"start":{"line":22,"column":16},"end":{"line":29,"column":5}},"5":{"start":{"line":30,"column":4},"end":{"line":34,"column":6}},"6":{"start":{"line":38,"column":4},"end":{"line":38,"column":76}},"7":{"start":{"line":42,"column":16},"end":{"line":50,"column":5}},"8":{"start":{"line":51,"column":4},"end":{"line":55,"column":6}}},"fnMap":{"0":{"name":"(anonymous_0)","decl":{"start":{"line":5,"column":2},"end":{"line":5,"column":3}},"loc":{"start":{"line":5,"column":23},"end":{"line":11,"column":3}},"line":5},"1":{"name":"(anonymous_1)","decl":{"start":{"line":13,"column":2},"end":{"line":13,"column":3}},"loc":{"start":{"line":13,"column":19},"end":{"line":19,"column":3}},"line":13},"2":{"name":"(anonymous_2)","decl":{"start":{"line":21,"column":2},"end":{"line":21,"column":3}},"loc":{"start":{"line":21,"column":28},"end":{"line":35,"column":3}},"line":21},"3":{"name":"(anonymous_3)","decl":{"start":{"line":37,"column":2},"end":{"line":37,"column":3}},"loc":{"start":{"line":37,"column":26},"end":{"line":39,"column":3}},"line":37},"4":{"name":"(anonymous_4)","decl":{"start":{"line":41,"column":2},"end":{"line":41,"column":3}},"loc":{"start":{"line":41,"column":32},"end":{"line":56,"column":3}},"line":41}},"branchMap":{},"s":{"0":1,"1":1,"2":0,"3":1,"4":0,"5":0,"6":0,"7":0,"8":0},"f":{"0":0,"1":1,"2":0,"3":0,"4":0},"b":{},"_coverageSchema":"332fd63041d2c1bcb487cc26dd0d5f7d97098a6c","hash":"0e5a44b79eb8d81219282bfab80d8fe2ad76e0a5"}
,"/Users/tolli/Documents/program/miniprosjekt/server/dao/dao.js": {"path":"/Users/tolli/Documents/program/miniprosjekt/server/dao/dao.js","statementMap":{"0":{"start":{"line":3,"column":0},"end":{"line":29,"column":2}},"1":{"start":{"line":5,"column":4},"end":{"line":5,"column":21}},"2":{"start":{"line":9,"column":4},"end":{"line":27,"column":7}},"3":{"start":{"line":10,"column":6},"end":{"line":10,"column":48}},"4":{"start":{"line":11,"column":6},"end":{"line":26,"column":7}},"5":{"start":{"line":12,"column":8},"end":{"line":12,"column":45}},"6":{"start":{"line":13,"column":8},"end":{"line":13,"column":58}},"7":{"start":{"line":15,"column":8},"end":{"line":15,"column":48}},"8":{"start":{"line":16,"column":8},"end":{"line":25,"column":11}},"9":{"start":{"line":17,"column":10},"end":{"line":17,"column":31}},"10":{"start":{"line":18,"column":10},"end":{"line":24,"column":11}},"11":{"start":{"line":19,"column":12},"end":{"line":19,"column":29}},"12":{"start":{"line":20,"column":12},"end":{"line":20,"column":55}},"13":{"start":{"line":22,"column":12},"end":{"line":22,"column":47}},"14":{"start":{"line":23,"column":12},"end":{"line":23,"column":32}}},"fnMap":{"0":{"name":"(anonymous_0)","decl":{"start":{"line":4,"column":2},"end":{"line":4,"column":3}},"loc":{"start":{"line":4,"column":20},"end":{"line":6,"column":3}},"line":4},"1":{"name":"(anonymous_1)","decl":{"start":{"line":8,"column":2},"end":{"line":8,"column":3}},"loc":{"start":{"line":8,"column":31},"end":{"line":28,"column":3}},"line":8},"2":{"name":"(anonymous_2)","decl":{"start":{"line":9,"column":28},"end":{"line":9,"column":29}},"loc":{"start":{"line":9,"column":49},"end":{"line":27,"column":5}},"line":9},"3":{"name":"(anonymous_3)","decl":{"start":{"line":16,"column":38},"end":{"line":16,"column":39}},"loc":{"start":{"line":16,"column":53},"end":{"line":25,"column":9}},"line":16}},"branchMap":{"0":{"loc":{"start":{"line":11,"column":6},"end":{"line":26,"column":7}},"type":"if","locations":[{"start":{"line":11,"column":6},"end":{"line":26,"column":7}},{"start":{"line":11,"column":6},"end":{"line":26,"column":7}}],"line":11},"1":{"loc":{"start":{"line":18,"column":10},"end":{"line":24,"column":11}},"type":"if","locations":[{"start":{"line":18,"column":10},"end":{"line":24,"column":11}},{"start":{"line":18,"column":10},"end":{"line":24,"column":11}}],"line":18}},"s":{"0":1,"1":1,"2":1,"3":1,"4":1,"5":1,"6":1,"7":0,"8":0,"9":0,"10":0,"11":0,"12":0,"13":0,"14":0},"f":{"0":1,"1":1,"2":1,"3":0},"b":{"0":[1,0],"1":[0,0]},"_coverageSchema":"332fd63041d2c1bcb487cc26dd0d5f7d97098a6c","hash":"44673eba88fbd9343cf7a65c3cf52df9e52e6cb0"}
,"/Users/tolli/Documents/program/miniprosjekt/server/dao/runsqlfile.js": {"path":"/Users/tolli/Documents/program/miniprosjekt/server/dao/runsqlfile.js","statementMap":{"0":{"start":{"line":3,"column":14},"end":{"line":3,"column":30}},"1":{"start":{"line":4,"column":11},"end":{"line":4,"column":24}},"2":{"start":{"line":6,"column":0},"end":{"line":27,"column":2}},"3":{"start":{"line":7,"column":4},"end":{"line":7,"column":56}},"4":{"start":{"line":8,"column":14},"end":{"line":8,"column":47}},"5":{"start":{"line":9,"column":4},"end":{"line":26,"column":7}},"6":{"start":{"line":10,"column":8},"end":{"line":25,"column":9}},"7":{"start":{"line":11,"column":12},"end":{"line":11,"column":56}},"8":{"start":{"line":12,"column":12},"end":{"line":12,"column":19}},"9":{"start":{"line":14,"column":12},"end":{"line":14,"column":49}},"10":{"start":{"line":15,"column":12},"end":{"line":24,"column":15}},"11":{"start":{"line":16,"column":16},"end":{"line":16,"column":37}},"12":{"start":{"line":17,"column":16},"end":{"line":23,"column":17}},"13":{"start":{"line":18,"column":20},"end":{"line":18,"column":37}},"14":{"start":{"line":19,"column":20},"end":{"line":19,"column":27}},"15":{"start":{"line":21,"column":20},"end":{"line":21,"column":54}},"16":{"start":{"line":22,"column":20},"end":{"line":22,"column":27}}},"fnMap":{"0":{"name":"run","decl":{"start":{"line":6,"column":26},"end":{"line":6,"column":29}},"loc":{"start":{"line":6,"column":52},"end":{"line":27,"column":1}},"line":6},"1":{"name":"(anonymous_1)","decl":{"start":{"line":9,"column":24},"end":{"line":9,"column":25}},"loc":{"start":{"line":9,"column":45},"end":{"line":26,"column":5}},"line":9},"2":{"name":"(anonymous_2)","decl":{"start":{"line":15,"column":34},"end":{"line":15,"column":35}},"loc":{"start":{"line":15,"column":49},"end":{"line":24,"column":13}},"line":15}},"branchMap":{"0":{"loc":{"start":{"line":10,"column":8},"end":{"line":25,"column":9}},"type":"if","locations":[{"start":{"line":10,"column":8},"end":{"line":25,"column":9}},{"start":{"line":10,"column":8},"end":{"line":25,"column":9}}],"line":10},"1":{"loc":{"start":{"line":17,"column":16},"end":{"line":23,"column":17}},"type":"if","locations":[{"start":{"line":17,"column":16},"end":{"line":23,"column":17}},{"start":{"line":17,"column":16},"end":{"line":23,"column":17}}],"line":17}},"s":{"0":1,"1":1,"2":1,"3":2,"4":2,"5":2,"6":2,"7":2,"8":2,"9":0,"10":0,"11":0,"12":0,"13":0,"14":0,"15":0,"16":0},"f":{"0":2,"1":2,"2":0},"b":{"0":[2,0],"1":[0,0]},"_coverageSchema":"332fd63041d2c1bcb487cc26dd0d5f7d97098a6c","hash":"ce71dd0afbf4153ee164ca9f0cbd86759d190654"}
}
