{"/Users/tolli/Documents/program/miniprosjekt/server/dao/articledao.js": {"path":"/Users/tolli/Documents/program/miniprosjekt/server/dao/articledao.js","statementMap":{"0":{"start":{"line":1,"column":12},"end":{"line":1,"column":31}},"1":{"start":{"line":2,"column":0},"end":{"line":33,"column":2}},"2":{"start":{"line":4,"column":8},"end":{"line":4,"column":151}},"3":{"start":{"line":7,"column":8},"end":{"line":7,"column":128}},"4":{"start":{"line":10,"column":20},"end":{"line":16,"column":9}},"5":{"start":{"line":17,"column":8},"end":{"line":17,"column":126}},"6":{"start":{"line":20,"column":8},"end":{"line":20,"column":80}},"7":{"start":{"line":23,"column":20},"end":{"line":30,"column":9}},"8":{"start":{"line":31,"column":8},"end":{"line":31,"column":145}}},"fnMap":{"0":{"name":"(anonymous_0)","decl":{"start":{"line":3,"column":4},"end":{"line":3,"column":5}},"loc":{"start":{"line":3,"column":25},"end":{"line":5,"column":5}},"line":3},"1":{"name":"(anonymous_1)","decl":{"start":{"line":6,"column":4},"end":{"line":6,"column":5}},"loc":{"start":{"line":6,"column":21},"end":{"line":8,"column":5}},"line":6},"2":{"name":"(anonymous_2)","decl":{"start":{"line":9,"column":4},"end":{"line":9,"column":5}},"loc":{"start":{"line":9,"column":30},"end":{"line":18,"column":5}},"line":9},"3":{"name":"(anonymous_3)","decl":{"start":{"line":19,"column":4},"end":{"line":19,"column":5}},"loc":{"start":{"line":19,"column":28},"end":{"line":21,"column":5}},"line":19},"4":{"name":"(anonymous_4)","decl":{"start":{"line":22,"column":4},"end":{"line":22,"column":5}},"loc":{"start":{"line":22,"column":34},"end":{"line":32,"column":5}},"line":22}},"branchMap":{},"s":{"0":1,"1":1,"2":1,"3":0,"4":0,"5":0,"6":0,"7":0,"8":0},"f":{"0":1,"1":0,"2":0,"3":0,"4":0},"b":{},"_coverageSchema":"332fd63041d2c1bcb487cc26dd0d5f7d97098a6c","hash":"1c7aeb1d2217dc2e864c5fe2de971fb63c5da5b6"}
,"/Users/tolli/Documents/program/miniprosjekt/server/dao/dao.js": {"path":"/Users/tolli/Documents/program/miniprosjekt/server/dao/dao.js","statementMap":{"0":{"start":{"line":1,"column":0},"end":{"line":29,"column":2}},"1":{"start":{"line":3,"column":8},"end":{"line":3,"column":25}},"2":{"start":{"line":4,"column":8},"end":{"line":4,"column":25}},"3":{"start":{"line":7,"column":8},"end":{"line":27,"column":11}},"4":{"start":{"line":8,"column":12},"end":{"line":8,"column":54}},"5":{"start":{"line":9,"column":12},"end":{"line":26,"column":13}},"6":{"start":{"line":10,"column":16},"end":{"line":10,"column":53}},"7":{"start":{"line":11,"column":16},"end":{"line":11,"column":66}},"8":{"start":{"line":14,"column":16},"end":{"line":14,"column":56}},"9":{"start":{"line":15,"column":16},"end":{"line":25,"column":19}},"10":{"start":{"line":16,"column":20},"end":{"line":16,"column":41}},"11":{"start":{"line":17,"column":20},"end":{"line":24,"column":21}},"12":{"start":{"line":18,"column":24},"end":{"line":18,"column":41}},"13":{"start":{"line":19,"column":24},"end":{"line":19,"column":67}},"14":{"start":{"line":22,"column":24},"end":{"line":22,"column":59}},"15":{"start":{"line":23,"column":24},"end":{"line":23,"column":44}}},"fnMap":{"0":{"name":"(anonymous_0)","decl":{"start":{"line":2,"column":4},"end":{"line":2,"column":5}},"loc":{"start":{"line":2,"column":22},"end":{"line":5,"column":5}},"line":2},"1":{"name":"(anonymous_1)","decl":{"start":{"line":6,"column":4},"end":{"line":6,"column":5}},"loc":{"start":{"line":6,"column":33},"end":{"line":28,"column":5}},"line":6},"2":{"name":"(anonymous_2)","decl":{"start":{"line":7,"column":32},"end":{"line":7,"column":33}},"loc":{"start":{"line":7,"column":53},"end":{"line":27,"column":9}},"line":7},"3":{"name":"(anonymous_3)","decl":{"start":{"line":15,"column":46},"end":{"line":15,"column":47}},"loc":{"start":{"line":15,"column":61},"end":{"line":25,"column":17}},"line":15}},"branchMap":{"0":{"loc":{"start":{"line":9,"column":12},"end":{"line":26,"column":13}},"type":"if","locations":[{"start":{"line":9,"column":12},"end":{"line":26,"column":13}},{"start":{"line":9,"column":12},"end":{"line":26,"column":13}}],"line":9},"1":{"loc":{"start":{"line":17,"column":20},"end":{"line":24,"column":21}},"type":"if","locations":[{"start":{"line":17,"column":20},"end":{"line":24,"column":21}},{"start":{"line":17,"column":20},"end":{"line":24,"column":21}}],"line":17}},"s":{"0":1,"1":1,"2":1,"3":1,"4":1,"5":1,"6":1,"7":1,"8":0,"9":0,"10":0,"11":0,"12":0,"13":0,"14":0,"15":0},"f":{"0":1,"1":1,"2":1,"3":0},"b":{"0":[1,0],"1":[0,0]},"_coverageSchema":"332fd63041d2c1bcb487cc26dd0d5f7d97098a6c","hash":"fc39ef0eca4c79d81504c34ed513ed86a90a8a6f"}
,"/Users/tolli/Documents/program/miniprosjekt/server/dao/runsqlfile.js": {"path":"/Users/tolli/Documents/program/miniprosjekt/server/dao/runsqlfile.js","statementMap":{"0":{"start":{"line":1,"column":0},"end":{"line":1,"column":17}},"1":{"start":{"line":2,"column":0},"end":{"line":2,"column":14}},"2":{"start":{"line":3,"column":0},"end":{"line":25,"column":2}},"3":{"start":{"line":4,"column":4},"end":{"line":4,"column":56}},"4":{"start":{"line":5,"column":14},"end":{"line":5,"column":47}},"5":{"start":{"line":6,"column":4},"end":{"line":24,"column":7}},"6":{"start":{"line":7,"column":8},"end":{"line":11,"column":16}},"7":{"start":{"line":8,"column":12},"end":{"line":8,"column":56}},"8":{"start":{"line":9,"column":12},"end":{"line":9,"column":19}},"9":{"start":{"line":12,"column":8},"end":{"line":12,"column":45}},"10":{"start":{"line":13,"column":8},"end":{"line":23,"column":11}},"11":{"start":{"line":14,"column":12},"end":{"line":14,"column":33}},"12":{"start":{"line":15,"column":12},"end":{"line":22,"column":13}},"13":{"start":{"line":16,"column":16},"end":{"line":16,"column":33}},"14":{"start":{"line":17,"column":16},"end":{"line":17,"column":23}},"15":{"start":{"line":20,"column":16},"end":{"line":20,"column":50}},"16":{"start":{"line":21,"column":16},"end":{"line":21,"column":23}}},"fnMap":{"0":{"name":"run","decl":{"start":{"line":3,"column":26},"end":{"line":3,"column":29}},"loc":{"start":{"line":3,"column":52},"end":{"line":25,"column":1}},"line":3},"1":{"name":"(anonymous_1)","decl":{"start":{"line":6,"column":23},"end":{"line":6,"column":24}},"loc":{"start":{"line":6,"column":44},"end":{"line":24,"column":5}},"line":6},"2":{"name":"(anonymous_2)","decl":{"start":{"line":13,"column":30},"end":{"line":13,"column":31}},"loc":{"start":{"line":13,"column":45},"end":{"line":23,"column":9}},"line":13}},"branchMap":{"0":{"loc":{"start":{"line":7,"column":8},"end":{"line":11,"column":16}},"type":"if","locations":[{"start":{"line":7,"column":8},"end":{"line":11,"column":16}},{"start":{"line":7,"column":8},"end":{"line":11,"column":16}}],"line":7},"1":{"loc":{"start":{"line":15,"column":12},"end":{"line":22,"column":13}},"type":"if","locations":[{"start":{"line":15,"column":12},"end":{"line":22,"column":13}},{"start":{"line":15,"column":12},"end":{"line":22,"column":13}}],"line":15}},"s":{"0":1,"1":1,"2":1,"3":1,"4":1,"5":0,"6":0,"7":0,"8":0,"9":0,"10":0,"11":0,"12":0,"13":0,"14":0,"15":0,"16":0},"f":{"0":1,"1":0,"2":0},"b":{"0":[0,0],"1":[0,0]},"_coverageSchema":"332fd63041d2c1bcb487cc26dd0d5f7d97098a6c","hash":"7caaa2fcea968b413f3ae8e2ef0632e7b37186ec"}
}
